# JRE version: OpenJDK Runtime Environment (22.0.2+9) (build 22.0.2+9-70)
# Java VM: OpenJDK 64-Bit Server VM (22.0.2+9-70, mixed mode, sharing, tiered, compressed oops, compressed class ptrs, g1 gc, windows-amd64)
GC Precious Log:
 CardTable entry size: 512
 Card Set container configuration: InlinePtr #cards 5 size 8 Array Of Cards #cards 12 size 40 Howl #buckets 4 coarsen threshold 1843 Howl Bitmap #cards 512 size 80 coarsen threshold 460 Card regions per heap region 1 cards per card region 2048
 CPUs: 8 total, 8 available
 Memory: 16108M
 Large Page Support: Disabled
 NUMA Support: Disabled
 Compressed Oops: Enabled (32-bit)
 Heap Region Size: 1M
 Heap Min Capacity: 8M
 Heap Initial Capacity: 252M
 Heap Max Capacity: 1G
 Pre-touch: Disabled
 Parallel Workers: 8
 Concurrent Workers: 2
 Concurrent Refinement Workers: 8
 Periodic GC: Disabled
Heap:
 garbage-first heap   total reserved 1048576K, committed 191488K, used 108256K [0x00000000c0000000, 0x0000000100000000)
  region size 1024K, 35 young (35840K), 10 survivors (10240K)
 Metaspace       used 10847K, committed 11072K, reserved 1114112K
  class space    used 1655K, committed 1728K, reserved 1048576K
GC Heap History (20 events):
Event: 1.771 GC heap before
{Heap before GC invocations=22 (full 9):
 garbage-first heap   total reserved 1048576K, committed 102400K, used 58770K [0x00000000c0000000, 0x0000000100000000)
  region size 1024K, 15 young (15360K), 0 survivors (0K)
 Metaspace       used 9166K, committed 9408K, reserved 1114112K
  class space    used 1380K, committed 1472K, reserved 1048576K
}
Event: 1.781 GC heap after
{Heap after GC invocations=23 (full 9):
 garbage-first heap   total reserved 1048576K, committed 102400K, used 49109K [0x00000000c0000000, 0x0000000100000000)
  region size 1024K, 5 young (5120K), 5 survivors (5120K)
 Metaspace       used 9166K, committed 9408K, reserved 1114112K
  class space    used 1380K, committed 1472K, reserved 1048576K
}
Event: 1.910 GC heap before
{Heap before GC invocations=23 (full 9):
 garbage-first heap   total reserved 1048576K, committed 102400K, used 85973K [0x00000000c0000000, 0x0000000100000000)
  region size 1024K, 39 young (39936K), 5 survivors (5120K)
 Metaspace       used 9863K, committed 10112K, reserved 1114112K
  class space    used 1507K, committed 1600K, reserved 1048576K
}
Event: 1.927 GC heap after
{Heap after GC invocations=24 (full 9):
 garbage-first heap   total reserved 1048576K, committed 102400K, used 57693K [0x00000000c0000000, 0x0000000100000000)
  region size 1024K, 5 young (5120K), 5 survivors (5120K)
 Metaspace       used 9863K, committed 10112K, reserved 1114112K
  class space    used 1507K, committed 1600K, reserved 1048576K
}
Event: 1.931 GC heap before
{Heap before GC invocations=24 (full 9):
 garbage-first heap   total reserved 1048576K, committed 102400K, used 59741K [0x00000000c0000000, 0x0000000100000000)
  region size 1024K, 8 young (8192K), 5 survivors (5120K)
 Metaspace       used 9863K, committed 10112K, reserved 1114112K
  class space    used 1507K, committed 1600K, reserved 1048576K
}
Event: 1.937 GC heap after
{Heap after GC invocations=25 (full 9):
 garbage-first heap   total reserved 1048576K, committed 102400K, used 59081K [0x00000000c0000000, 0x0000000100000000)
  region size 1024K, 1 young (1024K), 1 survivors (1024K)
 Metaspace       used 9863K, committed 10112K, reserved 1114112K
  class space    used 1507K, committed 1600K, reserved 1048576K
}
Event: 2.078 GC heap before
{Heap before GC invocations=26 (full 9):
 garbage-first heap   total reserved 1048576K, committed 102400K, used 75060K [0x00000000c0000000, 0x0000000100000000)
  region size 1024K, 26 young (26624K), 1 survivors (1024K)
 Metaspace       used 10487K, committed 10688K, reserved 1114112K
  class space    used 1594K, committed 1664K, reserved 1048576K
}
Event: 2.123 GC heap after
{Heap after GC invocations=27 (full 10):
 garbage-first heap   total reserved 1048576K, committed 102400K, used 47569K [0x00000000c0000000, 0x0000000100000000)
  region size 1024K, 0 young (0K), 0 survivors (0K)
 Metaspace       used 10487K, committed 10688K, reserved 1114112K
  class space    used 1594K, committed 1664K, reserved 1048576K
}
Event: 2.161 GC heap before
{Heap before GC invocations=27 (full 10):
 garbage-first heap   total reserved 1048576K, committed 102400K, used 82385K [0x00000000c0000000, 0x0000000100000000)
  region size 1024K, 34 young (34816K), 0 survivors (0K)
 Metaspace       used 10499K, committed 10688K, reserved 1114112K
  class space    used 1594K, committed 1664K, reserved 1048576K
}
Event: 2.170 GC heap after
{Heap after GC invocations=28 (full 10):
 garbage-first heap   total reserved 1048576K, committed 289792K, used 52488K [0x00000000c0000000, 0x0000000100000000)
  region size 1024K, 5 young (5120K), 5 survivors (5120K)
 Metaspace       used 10499K, committed 10688K, reserved 1114112K
  class space    used 1594K, committed 1664K, reserved 1048576K
}
Event: 2.193 GC heap before
{Heap before GC invocations=28 (full 10):
 garbage-first heap   total reserved 1048576K, committed 289792K, used 63752K [0x00000000c0000000, 0x0000000100000000)
  region size 1024K, 17 young (17408K), 5 survivors (5120K)
 Metaspace       used 10499K, committed 10688K, reserved 1114112K
  class space    used 1594K, committed 1664K, reserved 1048576K
}
Event: 2.220 GC heap after
{Heap after GC invocations=29 (full 11):
 garbage-first heap   total reserved 1048576K, committed 191488K, used 53601K [0x00000000c0000000, 0x0000000100000000)
  region size 1024K, 0 young (0K), 0 survivors (0K)
 Metaspace       used 10499K, committed 10688K, reserved 1114112K
  class space    used 1594K, committed 1664K, reserved 1048576K
}
Event: 2.285 GC heap before
{Heap before GC invocations=29 (full 11):
 garbage-first heap   total reserved 1048576K, committed 191488K, used 105825K [0x00000000c0000000, 0x0000000100000000)
  region size 1024K, 52 young (53248K), 0 survivors (0K)
 Metaspace       used 10499K, committed 10688K, reserved 1114112K
  class space    used 1594K, committed 1664K, reserved 1048576K
}
Event: 2.323 GC heap after
{Heap after GC invocations=30 (full 12):
 garbage-first heap   total reserved 1048576K, committed 191488K, used 60113K [0x00000000c0000000, 0x0000000100000000)
  region size 1024K, 0 young (0K), 0 survivors (0K)
 Metaspace       used 10499K, committed 10688K, reserved 1114112K
  class space    used 1594K, committed 1664K, reserved 1048576K
}
Event: 2.446 GC heap before
{Heap before GC invocations=30 (full 12):
 garbage-first heap   total reserved 1048576K, committed 191488K, used 146129K [0x00000000c0000000, 0x0000000100000000)
  region size 1024K, 84 young (86016K), 0 survivors (0K)
 Metaspace       used 10590K, committed 10816K, reserved 1114112K
  class space    used 1629K, committed 1728K, reserved 1048576K
}
Event: 2.456 GC heap after
{Heap after GC invocations=31 (full 12):
 garbage-first heap   total reserved 1048576K, committed 191488K, used 70083K [0x00000000c0000000, 0x0000000100000000)
  region size 1024K, 10 young (10240K), 10 survivors (10240K)
 Metaspace       used 10590K, committed 10816K, reserved 1114112K
  class space    used 1629K, committed 1728K, reserved 1048576K
}
Event: 2.521 GC heap before
{Heap before GC invocations=31 (full 12):
 garbage-first heap   total reserved 1048576K, committed 191488K, used 145859K [0x00000000c0000000, 0x0000000100000000)
  region size 1024K, 85 young (87040K), 10 survivors (10240K)
 Metaspace       used 10591K, committed 10816K, reserved 1114112K
  class space    used 1629K, committed 1728K, reserved 1048576K
}
Event: 2.582 GC heap after
{Heap after GC invocations=32 (full 13):
 garbage-first heap   total reserved 1048576K, committed 191488K, used 73668K [0x00000000c0000000, 0x0000000100000000)
  region size 1024K, 0 young (0K), 0 survivors (0K)
 Metaspace       used 10591K, committed 10816K, reserved 1114112K
  class space    used 1629K, committed 1728K, reserved 1048576K
}
Event: 2.689 GC heap before
{Heap before GC invocations=32 (full 13):
 garbage-first heap   total reserved 1048576K, committed 191488K, used 155588K [0x00000000c0000000, 0x0000000100000000)
  region size 1024K, 80 young (81920K), 0 survivors (0K)
 Metaspace       used 10592K, committed 10816K, reserved 1114112K
  class space    used 1629K, committed 1728K, reserved 1048576K
}
Event: 2.699 GC heap after
{Heap after GC invocations=33 (full 13):
 garbage-first heap   total reserved 1048576K, committed 191488K, used 83680K [0x00000000c0000000, 0x0000000100000000)
  region size 1024K, 10 young (10240K), 10 survivors (10240K)
 Metaspace       used 10592K, committed 10816K, reserved 1114112K
  class space    used 1629K, committed 1728K, reserved 1048576K
}

